c:\users\novar\desktop\windowsproject1\builds\release\vc143.pdb
c:\users\novar\desktop\windowsproject1\builds\release\main.obj
c:\users\novar\desktop\windowsproject1\builds\release\output\shutdown timer.exe
c:\users\novar\desktop\windowsproject1\builds\release\shutdown timer.ipdb
c:\users\novar\desktop\windowsproject1\builds\release\output\shutdown timer.pdb
c:\users\novar\desktop\windowsproject1\builds\release\shutdown timer.iobj
c:\users\novar\desktop\windowsproject1\builds\release\project1.res
c:\users\novar\desktop\c++\shutdown-timer\builds\release\main.obj
c:\users\novar\desktop\c++\shutdown-timer\builds\release\shutdown timer.ipdb
c:\users\novar\desktop\c++\shutdown-timer\builds\release\shutdown timer.iobj
c:\users\novar\desktop\c++\shutdown-timer\builds\release\project1.res
c:\users\novar\desktop\c++\shutdown-timer\builds\release\vc143.pdb
c:\users\novar\desktop\c++\shutdown-timer\\builds\release\output\shutdown timer.pdb
c:\users\novar\desktop\c++\shutdown-timer\builds\release\output\shutdown timer.exe
c:\users\novar\desktop\c++\shutdown-timer\\builds\release\shutdowntimer.vcxproj.filelistabsolute.txt
c:\users\novar\desktop\c++\shutdown-timer\builds\release\shutdown timer.tlog\cl.command.1.tlog
c:\users\novar\desktop\c++\shutdown-timer\builds\release\shutdown timer.tlog\cl.read.1.tlog
c:\users\novar\desktop\c++\shutdown-timer\builds\release\shutdown timer.tlog\cl.write.1.tlog
c:\users\novar\desktop\c++\shutdown-timer\builds\release\shutdown timer.tlog\link.command.1.tlog
c:\users\novar\desktop\c++\shutdown-timer\builds\release\shutdown timer.tlog\link.read.1.tlog
c:\users\novar\desktop\c++\shutdown-timer\builds\release\shutdown timer.tlog\link.write.1.tlog
c:\users\novar\desktop\c++\shutdown-timer\builds\release\shutdown timer.tlog\rc.command.1.tlog
c:\users\novar\desktop\c++\shutdown-timer\builds\release\shutdown timer.tlog\rc.read.1.tlog
c:\users\novar\desktop\c++\shutdown-timer\builds\release\shutdown timer.tlog\rc.write.1.tlog
